Determining if the pthread_create exist failed with the following output:
Change Dir: /home/ubuntu/ros_workspace/build/CMakeFiles/CMakeTmp

Run Build Command:"/usr/bin/make" "cmTC_88434/fast"
/usr/bin/make -f CMakeFiles/cmTC_88434.dir/build.make CMakeFiles/cmTC_88434.dir/build
make[1]: Entering directory '/home/ubuntu/ros_workspace/build/CMakeFiles/CMakeTmp'
Building C object CMakeFiles/cmTC_88434.dir/CheckSymbolExists.c.o
/usr/bin/cc    -o CMakeFiles/cmTC_88434.dir/CheckSymbolExists.c.o   -c /home/ubuntu/ros_workspace/build/CMakeFiles/CMakeTmp/CheckSymbolExists.c
Linking C executable cmTC_88434
/usr/bin/cmake -E cmake_link_script CMakeFiles/cmTC_88434.dir/link.txt --verbose=1
/usr/bin/cc      -rdynamic CMakeFiles/cmTC_88434.dir/CheckSymbolExists.c.o  -o cmTC_88434 
CMakeFiles/cmTC_88434.dir/CheckSymbolExists.c.o: In function `main':
CheckSymbolExists.c:(.text+0x14): undefined reference to `pthread_create'
CheckSymbolExists.c:(.text+0x18): undefined reference to `pthread_create'
collect2: error: ld returned 1 exit status
CMakeFiles/cmTC_88434.dir/build.make:97: recipe for target 'cmTC_88434' failed
make[1]: *** [cmTC_88434] Error 1
make[1]: Leaving directory '/home/ubuntu/ros_workspace/build/CMakeFiles/CMakeTmp'
Makefile:126: recipe for target 'cmTC_88434/fast' failed
make: *** [cmTC_88434/fast] Error 2

File /home/ubuntu/ros_workspace/build/CMakeFiles/CMakeTmp/CheckSymbolExists.c:
/* */
#include <pthread.h>

int main(int argc, char** argv)
{
  (void)argv;
#ifndef pthread_create
  return ((int*)(&pthread_create))[argc];
#else
  (void)argc;
  return 0;
#endif
}

Determining if the function pthread_create exists in the pthreads failed with the following output:
Change Dir: /home/ubuntu/ros_workspace/build/CMakeFiles/CMakeTmp

Run Build Command:"/usr/bin/make" "cmTC_3ae3b/fast"
/usr/bin/make -f CMakeFiles/cmTC_3ae3b.dir/build.make CMakeFiles/cmTC_3ae3b.dir/build
make[1]: Entering directory '/home/ubuntu/ros_workspace/build/CMakeFiles/CMakeTmp'
Building C object CMakeFiles/cmTC_3ae3b.dir/CheckFunctionExists.c.o
/usr/bin/cc   -DCHECK_FUNCTION_EXISTS=pthread_create   -o CMakeFiles/cmTC_3ae3b.dir/CheckFunctionExists.c.o   -c /usr/share/cmake-3.10/Modules/CheckFunctionExists.c
Linking C executable cmTC_3ae3b
/usr/bin/cmake -E cmake_link_script CMakeFiles/cmTC_3ae3b.dir/link.txt --verbose=1
/usr/bin/cc  -DCHECK_FUNCTION_EXISTS=pthread_create    -rdynamic CMakeFiles/cmTC_3ae3b.dir/CheckFunctionExists.c.o  -o cmTC_3ae3b -lpthreads 
/usr/bin/ld: cannot find -lpthreads
collect2: error: ld returned 1 exit status
CMakeFiles/cmTC_3ae3b.dir/build.make:97: recipe for target 'cmTC_3ae3b' failed
make[1]: *** [cmTC_3ae3b] Error 1
make[1]: Leaving directory '/home/ubuntu/ros_workspace/build/CMakeFiles/CMakeTmp'
Makefile:126: recipe for target 'cmTC_3ae3b/fast' failed
make: *** [cmTC_3ae3b/fast] Error 2


